<?xml version="1.0" encoding="UTF-8"?>
<!-- Generated by org.testng.reporters.JUnitReportReporter -->
<testsuite hostname="SELENIUM1" name="com.ICT.testcases.AmbulatoryCare.AmbulatoryCareTest" tests="1" failures="0" timestamp="16 Apr 2015 14:50:00 GMT" time="102.583" errors="0">
  <testcase name="aregisterPatient" time="102.583" classname="com.ICT.testcases.AmbulatoryCare.AmbulatoryCareTest"/>
</testsuite> <!-- com.ICT.testcases.AmbulatoryCare.AmbulatoryCareTest -->
