<?xml version="1.0" encoding="UTF-8"?>
<!-- Generated by org.testng.reporters.JUnitReportReporter -->
<testsuite hostname="BLR-lT-164" name="com.POINTCROSS.testcases.CtdcTermniology.CtdcTermniologyTest" tests="1" failures="0" timestamp="17 Dec 2015 15:53:34 GMT" time="81.318" errors="0">
  <testcase name="termniologyDetails" time="81.318" classname="com.POINTCROSS.testcases.CtdcTermniology.CtdcTermniologyTest"/>
</testsuite> <!-- com.POINTCROSS.testcases.CtdcTermniology.CtdcTermniologyTest -->
