<?xml version="1.0" encoding="UTF-8"?>
<!-- Generated by org.testng.reporters.JUnitReportReporter -->
<testsuite hostname="BLR-lT-164" name="com.POINTCROSS.testcases.Ctdcsubmission.CtdcTermniologyTest" tests="1" failures="0" timestamp="10 Dec 2015 10:56:31 GMT" time="27.835" errors="0">
  <testcase name="termniologyDetails" time="27.835" classname="com.POINTCROSS.testcases.Ctdcsubmission.CtdcTermniologyTest"/>
</testsuite> <!-- com.POINTCROSS.testcases.Ctdcsubmission.CtdcTermniologyTest -->
