<?xml version="1.0" encoding="UTF-8"?>
<!-- Generated by org.testng.reporters.JUnitReportReporter -->
<testsuite hostname="SELENIUM1" name="com.ICT.testcases.HospitalAccounts.HospitalAccountsTest" tests="4" failures="0" timestamp="27 Apr 2015 12:13:29 GMT" time="216.432" errors="0">
  <testcase name="ReceiveAdvance" time="34.070" classname="com.ICT.testcases.HospitalAccounts.HospitalAccountsTest"/>
  <testcase name="CreateanMRN" time="30.789" classname="com.ICT.testcases.HospitalAccounts.HospitalAccountsTest"/>
  <testcase name="RefundRequest" time="66.525" classname="com.ICT.testcases.HospitalAccounts.HospitalAccountsTest"/>
  <testcase name="generateInvoice" time="85.048" classname="com.ICT.testcases.HospitalAccounts.HospitalAccountsTest"/>
</testsuite> <!-- com.ICT.testcases.HospitalAccounts.HospitalAccountsTest -->
