<?xml version="1.0" encoding="UTF-8"?>
<!-- Generated by org.testng.reporters.JUnitReportReporter -->
<testsuite hostname="BLR-lT-164" name="com.POINTCROSS.testcases.SPDataManagementView.SPDataManagementViewTest" tests="1" failures="0" timestamp="11 Jan 2016 12:49:45 GMT" time="1358.386" errors="0">
  <testcase name="createSpLoad" time="1358.386" classname="com.POINTCROSS.testcases.SPDataManagementView.SPDataManagementViewTest"/>
</testsuite> <!-- com.POINTCROSS.testcases.SPDataManagementView.SPDataManagementViewTest -->
