<?xml version="1.0" encoding="UTF-8"?>
<!-- Generated by org.testng.reporters.JUnitReportReporter -->
<testsuite hostname="BLR-lT-164" name="com.POINTCROSS.testcases.Ctdcsubmission.CtdcSubmissionpackageTest" tests="8" failures="0" timestamp="18 Dec 2015 13:33:53 GMT" time="825.066" errors="0">
  <testcase name="submissionpackage7" time="110.119" classname="com.POINTCROSS.testcases.Ctdcsubmission.CtdcSubmissionpackageTest"/>
  <testcase name="submissionpackage3" time="87.614" classname="com.POINTCROSS.testcases.Ctdcsubmission.CtdcSubmissionpackageTest"/>
  <testcase name="submissionpack9" time="67.574" classname="com.POINTCROSS.testcases.Ctdcsubmission.CtdcSubmissionpackageTest"/>
  <testcase name="submissionpackage2" time="89.236" classname="com.POINTCROSS.testcases.Ctdcsubmission.CtdcSubmissionpackageTest"/>
  <testcase name="submissionpackage4" time="80.605" classname="com.POINTCROSS.testcases.Ctdcsubmission.CtdcSubmissionpackageTest"/>
  <testcase name="submissionpackage6" time="85.897" classname="com.POINTCROSS.testcases.Ctdcsubmission.CtdcSubmissionpackageTest"/>
  <testcase name="submissionpackage1" time="113.263" classname="com.POINTCROSS.testcases.Ctdcsubmission.CtdcSubmissionpackageTest"/>
  <testcase name="submissionpackage" time="190.758" classname="com.POINTCROSS.testcases.Ctdcsubmission.CtdcSubmissionpackageTest"/>
</testsuite> <!-- com.POINTCROSS.testcases.Ctdcsubmission.CtdcSubmissionpackageTest -->
