<?xml version="1.0" encoding="UTF-8"?>
<!-- Generated by org.testng.reporters.JUnitReportReporter -->
<testsuite hostname="BLR-lT-164" name="com.POINTCROSS.testcases.CancelReactivateSubmission.CancelReactivateSubmissionTest1" tests="1" failures="0" timestamp="9 Jan 2016 10:30:17 GMT" time="518.786" errors="0">
  <testcase name="navigateToSubmissionPackLifCyMgmnt" time="518.786" classname="com.POINTCROSS.testcases.CancelReactivateSubmission.CancelReactivateSubmissionTest1"/>
</testsuite> <!-- com.POINTCROSS.testcases.CancelReactivateSubmission.CancelReactivateSubmissionTest1 -->
