<?xml version="1.0" encoding="UTF-8"?>
<!-- Generated by org.testng.reporters.JUnitReportReporter -->
<testsuite hostname="BLR-lT-164" name="com.POINTCROSS.testcases.Scripts.Script11" tests="1" failures="0" timestamp="19 Jan 2016 11:45:14 GMT" time="1469.202" errors="0">
  <testcase name="createSpLoad" time="1469.202" classname="com.POINTCROSS.testcases.Scripts.Script11"/>
</testsuite> <!-- com.POINTCROSS.testcases.Scripts.Script11 -->
