<?xml version="1.0" encoding="UTF-8"?>
<!-- Generated by org.testng.reporters.JUnitReportReporter -->
<testsuite hostname="conferencepc1" name="com.ICT.testcases.AmbulatoryCare.PharmacyTest" tests="1" failures="0" timestamp="11 Mar 2015 11:13:44 GMT" time="8.437" errors="0">
  <testcase name="f" time="8.437" classname="com.ICT.testcases.AmbulatoryCare.PharmacyTest"/>
</testsuite> <!-- com.ICT.testcases.AmbulatoryCare.PharmacyTest -->
