<?xml version="1.0" encoding="UTF-8"?>
<!-- Generated by org.testng.reporters.JUnitReportReporter -->
<testsuite hostname="selenium" name="com.ICT.testcases.Inventory.InventoryTest" tests="1" failures="0" timestamp="31 Mar 2015 09:54:35 GMT" time="27.161" errors="0">
  <testcase name="createStockIssue" time="27.161" classname="com.ICT.testcases.Inventory.InventoryTest"/>
</testsuite> <!-- com.ICT.testcases.Inventory.InventoryTest -->
