<?xml version="1.0" encoding="UTF-8"?>
<!-- Generated by org.testng.reporters.JUnitReportReporter -->
<testsuite hostname="BLR-lT-164" name="com.POINTCROSS.testcases.Scripts.Script1" tests="1" failures="0" timestamp="22 Jan 2016 04:36:08 GMT" time="77.789" errors="0">
  <testcase name="Manage_Study_Life_Cycle_Test_1" time="77.789" classname="com.POINTCROSS.testcases.Scripts.Script1"/>
</testsuite> <!-- com.POINTCROSS.testcases.Scripts.Script1 -->
