<?xml version="1.0" encoding="UTF-8"?>
<!-- Generated by org.testng.reporters.JUnitReportReporter -->
<testsuite hostname="BLR-lT-164" name="com.POINTCROSS.testcases.CtdcTermniology.CtdcTest" tests="1" failures="0" timestamp="8 Dec 2015 09:53:09 GMT" time="48.852" errors="0">
  <testcase name="Ctdc" time="48.852" classname="com.POINTCROSS.testcases.CtdcTermniology.CtdcTest"/>
</testsuite> <!-- com.POINTCROSS.testcases.CtdcTermniology.CtdcTest -->
