<?xml version="1.0" encoding="UTF-8"?>
<!-- Generated by org.testng.reporters.JUnitReportReporter -->
<testsuite hostname="KADIRVELU-VAIO" name="com.ICT.testcases.Inpatient.InpatientTest" tests="1" failures="0" timestamp="6 May 2015 06:35:25 GMT" time="38.330" errors="0">
  <testcase name="dischargeforpatient" time="38.330" classname="com.ICT.testcases.Inpatient.InpatientTest"/>
</testsuite> <!-- com.ICT.testcases.Inpatient.InpatientTest -->
